Arguments: 
  /usr/local/Cellar/node/9.4.0/bin/node /Users/home/Documents/University/CSC309/assignment-3-react-angular/node_modules/.bin/yarn start

PATH: 
  /Users/home/Documents/University/CSC309/assignment-3-react-angular/node_modules/.bin:/Users/home/.config/yarn/link/node_modules/.bin:/Users/home/Documents/University/CSC309/assignment-3-react-angular/node_modules/.bin:/Users/home/.config/yarn/link/node_modules/.bin:/usr/local/Cellar/node/9.4.0/libexec/lib/node_modules/npm/bin/node-gyp-bin:/usr/local/Cellar/node/9.4.0/lib/node_modules/npm/bin/node-gyp-bin:/usr/local/Cellar/node/9.4.0/bin/node_modules/npm/bin/node-gyp-bin:/Users/home/Documents/University/CSC309/assignment-3-react-angular/node_modules/.bin:/Users/home/.config/yarn/link/node_modules/.bin:/Users/home/Documents/University/CSC309/assignment-3-react-angular/node_modules/.bin:/Users/home/.config/yarn/link/node_modules/.bin:/usr/local/Cellar/node/9.4.0/libexec/lib/node_modules/npm/bin/node-gyp-bin:/usr/local/Cellar/node/9.4.0/lib/node_modules/npm/bin/node-gyp-bin:/usr/local/Cellar/node/9.4.0/bin/node_modules/npm/bin/node-gyp-bin:/Library/Frameworks/Python.framework/Versions/3.6/bin:/usr/local/bin:/usr/bin:/bin:/usr/sbin:/sbin:/usr/local/share/dotnet:/Library/Frameworks/Mono.framework/Versions/Current/Commands

Yarn version: 
  1.5.1

Node version: 
  9.4.0

Platform: 
  darwin x64

npm manifest: 
  {
    "name": "my-app",
    "version": "0.1.0",
    "private": true,
    "proxy": "http://localhost:5000/",
    "dependencies": {
      "axios": "^0.18.0",
      "babel-plugin-transform-decorators-legacy": "^1.3.4",
      "bootstrap": "^4.0.0",
      "core-decorators": "^0.20.0",
      "google-maps-react": "^1.1.2",
      "npm": "^5.7.1",
      "react": "^16.0.0",
      "react-bootstrap": "^0.32.1",
      "react-dom": "^16.0.0",
      "react-redux": "^5.0.7",
      "react-responsive-navbar": "^1.0.11",
      "react-router-dom": "^4.2.2",
      "react-scripts": "1.1.0",
      "react-transition-group": "^2.2.1",
      "reactstrap": "^5.0.0-beta.2",
      "redux": "^3.7.2",
      "redux-logger": "^3.0.6",
      "redux-promise-middleware": "^5.0.0",
      "redux-thunk": "^2.2.0"
    },
    "scripts": {
      "start": "react-scripts start",
      "build": "react-scripts build",
      "test": "react-scripts test --env=jsdom",
      "eject": "react-scripts eject"
    }
  }

yarn manifest: 
  No manifest

Lockfile: 
  No lockfile

Trace: 
  Error: Command failed.
  Exit signal: SIGHUP
  Command: sh
  Arguments: -c react-scripts start
  Directory: /Users/home/Documents/University/CSC309/assignment-3-react-angular/client
  Output:
  
      at ProcessTermError.MessageError (/Users/home/Documents/University/CSC309/assignment-3-react-angular/node_modules/yarn/lib/cli.js:186:110)
      at new ProcessTermError (/Users/home/Documents/University/CSC309/assignment-3-react-angular/node_modules/yarn/lib/cli.js:226:113)
      at ChildProcess.<anonymous> (/Users/home/Documents/University/CSC309/assignment-3-react-angular/node_modules/yarn/lib/cli.js:30281:17)
      at ChildProcess.emit (events.js:160:13)
      at maybeClose (internal/child_process.js:943:16)
      at Process.ChildProcess._handle.onexit (internal/child_process.js:220:5)
